#
# There is insufficient memory for the Java Runtime Environment to continue.
# Native memory allocation (mmap) failed to map 201326592 bytes for G1 virtual space
# Possible reasons:
#   The system is out of physical RAM or swap space
#   The process is running with CompressedOops enabled, and the Java Heap may be blocking the growth of the native heap
# Possible solutions:
#   Reduce memory load on the system
#   Increase physical memory or swap space
#   Check if swap backing store is full
#   Decrease Java heap size (-Xmx/-Xms)
#   Decrease number of Java threads
#   Decrease Java thread stack sizes (-Xss)
#   Set larger code cache with -XX:ReservedCodeCacheSize=
#   JVM is running with Zero Based Compressed Oops mode in which the Java heap is
#     placed in the first 32GB address space. The Java Heap base address is the
#     maximum limit for the native heap growth. Please use -XX:HeapBaseMinAddress
#     to set the Java Heap base and to place the Java Heap above 32GB virtual address.
# This output file may be truncated or incomplete.
#
#  Out of Memory Error (os_windows.cpp:3753), pid=12468, tid=21248
#
# JRE version:  (17.0.4+7) (build )
# Java VM: OpenJDK 64-Bit Server VM (17.0.4+7-b469.53, mixed mode, sharing, tiered, compressed oops, compressed class ptrs, g1 gc, windows-amd64)
# No core dump will be written. Minidumps are not enabled by default on client versions of Windows
#

---------------  S U M M A R Y ------------

Command Line: git4idea.http.GitAskPassApp Username for 'https://github.com': 

Host: Intel(R) Core(TM) i7 CPU         860  @ 2.80GHz, 8 cores, 11G,  Windows 10 , 64 bit Build 19041 (10.0.19041.2251)
Time: Wed Nov  9 15:22:11 2022 Stredoeurópsky 4 bit Build 19041 (10.0.19041.2251) elapsed time: 0.017553 seconds (0d 0h 0m 0s)

---------------  T H R E A D  ---------------

Current thread (0x0000029e7e610ad0):  JavaThread "Unknown thread" [_thread_in_vm, id=21248, stack(0x000000e0bf200000,0x000000e0bf300000)]

Stack: [0x000000e0bf200000,0x000000e0bf300000]
Native frames: (J=compiled Java code, j=interpreted, Vv=VM code, C=native code)
V  [jvm.dll+0x68348a]
V  [jvm.dll+0x83faf4]
V  [jvm.dll+0x84129e]
V  [jvm.dll+0x841903]
V  [jvm.dll+0x2494a5]
V  [jvm.dll+0x680359]
V  [jvm.dll+0x67499a]
V  [jvm.dll+0x3092db]
V  [jvm.dll+0x310796]
V  [jvm.dll+0x36077e]
V  [jvm.dll+0x3609af]
V  [jvm.dll+0x2df3c8]
V  [jvm.dll+0x2e0334]
V  [jvm.dll+0x8112e1]
V  [jvm.dll+0x36e5d1]
V  [jvm.dll+0x7f06bc]
V  [jvm.dll+0x3f16ef]
V  [jvm.dll+0x3f3231]
C  [jli.dll+0x526b]
C  [ucrtbase.dll+0x21bb2]
C  [KERNEL32.DLL+0x174b4]
C  [ntdll.dll+0x526a1]


---------------  P R O C E S S  ---------------

Threads class SMR info:
_java_thread_list=0x00007ffad0ce7f18, length=0, elements={
}

Java Threads: ( => current thread )

Other Threads:
  0x0000029e7e6690f0 GCTaskThread "GC Thread#0" [stack: 0x000000e0bf300000,0x000000e0bf400000] [id=20216]
  0x0000029e7e675f30 ConcurrentGCThread "G1 Main Marker" [stack: 0x000000e0bf400000,0x000000e0bf500000] [id=3216]
  0x0000029e7e6770e0 ConcurrentGCThread "G1 Conc#0" [stack: 0x000000e0bf500000,0x000000e0bf600000] [id=17768]

[error occurred during error reporting (printing all threads), id 0xc0000005, EXCEPTION_ACCESS_VIOLATION (0xc0000005) at pc=0x00007ffad049ff87]

VM state: not at safepoint (not fully initialized)

VM Mutex/Monitor currently owned by a thread:  ([mutex/lock_event])
[0x0000029e7e60d1d0] Heap_lock - owner thread: 0x0000029e7e610ad0

Heap address: 0x0000000741000000, size: 3056 MB, Compressed Oops mode: Zero based, Oop shift amount: 3

CDS archive(s) mapped at: [0x0000000000000000-0x0000000000000000-0x0000000000000000), size 0, SharedBaseAddress: 0x0000000800000000, ArchiveRelocationMode: 0.
Narrow klass base: 0x0000000000000000, Narrow klass shift: 0, Narrow klass range: 0x0

GC Precious Log:
<Empty>

Heap:
 garbage-first heap   total 0K, used 0K [0x0000000741000000, 0x0000000800000000)
  region size 2048K, 0 young (0K), 0 survivors (0K)

[error occurred during error reporting (printing heap information), id 0xc0000005, EXCEPTION_ACCESS_VIOLATION (0xc0000005) at pc=0x00007ffad088d119]

GC Heap History (0 events):
No events

Deoptimization events (0 events):
No events

Classes unloaded (0 events):
No events

Classes redefined (0 events):
No events

Internal exceptions (0 events):
No events

VM Operations (0 events):
No events

Events (1 events):
Event: 0.010 Loaded shared library C:\Program Files\JetBrains\IntelliJ IDEA 2022.2.2\jbr\bin\java.dll


Dynamic libraries:
0x00007ff7ec670000 - 0x00007ff7ec67a000 	C:\Program Files\JetBrains\IntelliJ IDEA 2022.2.2\jbr\bin\java.exe
0x00007ffb52cd0000 - 0x00007ffb52ec8000 	C:\Windows\SYSTEM32\ntdll.dll
0x00007ffb51610000 - 0x00007ffb516cf000 	C:\Windows\System32\KERNEL32.DLL
0x00007ffb507a0000 - 0x00007ffb50a72000 	C:\Windows\System32\KERNELBASE.dll
0x00007ffb503a0000 - 0x00007ffb504a0000 	C:\Windows\System32\ucrtbase.dll
0x00007ffb39930000 - 0x00007ffb39947000 	C:\Program Files\JetBrains\IntelliJ IDEA 2022.2.2\jbr\bin\jli.dll
0x00007ffb39580000 - 0x00007ffb3959b000 	C:\Program Files\JetBrains\IntelliJ IDEA 2022.2.2\jbr\bin\VCRUNTIME140.dll
0x00007ffb50f50000 - 0x00007ffb510ed000 	C:\Windows\System32\USER32.dll
0x00007ffb42ee0000 - 0x00007ffb4317a000 	C:\Windows\WinSxS\amd64_microsoft.windows.common-controls_6595b64144ccf1df_6.0.19041.1110_none_60b5254171f9507e\COMCTL32.dll
0x00007ffb50690000 - 0x00007ffb506b2000 	C:\Windows\System32\win32u.dll
0x00007ffb52580000 - 0x00007ffb5261e000 	C:\Windows\System32\msvcrt.dll
0x00007ffb510f0000 - 0x00007ffb5111b000 	C:\Windows\System32\GDI32.dll
0x00007ffb504d0000 - 0x00007ffb505df000 	C:\Windows\System32\gdi32full.dll
0x00007ffb50be0000 - 0x00007ffb50c7d000 	C:\Windows\System32\msvcp_win.dll
0x00007ffb511f0000 - 0x00007ffb51222000 	C:\Windows\System32\IMM32.DLL
0x00007ffb409b0000 - 0x00007ffb409bc000 	C:\Program Files\JetBrains\IntelliJ IDEA 2022.2.2\jbr\bin\vcruntime140_1.dll
0x00007ffb37550000 - 0x00007ffb375dd000 	C:\Program Files\JetBrains\IntelliJ IDEA 2022.2.2\jbr\bin\msvcp140.dll
0x00007ffad01b0000 - 0x00007ffad0e19000 	C:\Program Files\JetBrains\IntelliJ IDEA 2022.2.2\jbr\bin\server\jvm.dll
0x00007ffb50ea0000 - 0x00007ffb50f4e000 	C:\Windows\System32\ADVAPI32.dll
0x00007ffb52620000 - 0x00007ffb526bc000 	C:\Windows\System32\sechost.dll
0x00007ffb526c0000 - 0x00007ffb527e5000 	C:\Windows\System32\RPCRT4.dll
0x00007ffb515a0000 - 0x00007ffb515a8000 	C:\Windows\System32\PSAPI.DLL
0x00007ffb387d0000 - 0x00007ffb387d9000 	C:\Windows\SYSTEM32\WSOCK32.dll
0x00007ffb41540000 - 0x00007ffb41567000 	C:\Windows\SYSTEM32\WINMM.dll
0x00007ffb47cf0000 - 0x00007ffb47cfa000 	C:\Windows\SYSTEM32\VERSION.dll
0x00007ffb517f0000 - 0x00007ffb5185b000 	C:\Windows\System32\WS2_32.dll
0x00007ffb4e240000 - 0x00007ffb4e252000 	C:\Windows\SYSTEM32\kernel.appcore.dll
0x00007ffb46c30000 - 0x00007ffb46c3a000 	C:\Program Files\JetBrains\IntelliJ IDEA 2022.2.2\jbr\bin\jimage.dll
0x00007ffb48ff0000 - 0x00007ffb491d4000 	C:\Windows\SYSTEM32\DBGHELP.DLL
0x00007ffb47eb0000 - 0x00007ffb47edc000 	C:\Windows\SYSTEM32\dbgcore.DLL
0x00007ffb50710000 - 0x00007ffb50792000 	C:\Windows\System32\bcryptPrimitives.dll
0x00007ffb379d0000 - 0x00007ffb379f5000 	C:\Program Files\JetBrains\IntelliJ IDEA 2022.2.2\jbr\bin\java.dll

dbghelp: loaded successfully - version: 4.0.5 - missing functions: none
symbol engine: initialized successfully - sym options: 0x614 - pdb path: .;C:\Program Files\JetBrains\IntelliJ IDEA 2022.2.2\jbr\bin;C:\Windows\SYSTEM32;C:\Windows\WinSxS\amd64_microsoft.windows.common-controls_6595b64144ccf1df_6.0.19041.1110_none_60b5254171f9507e;C:\Program Files\JetBrains\IntelliJ IDEA 2022.2.2\jbr\bin\server

VM Arguments:
java_command: git4idea.http.GitAskPassApp Username for 'https://github.com': 
java_class_path (initial): C:/Program Files/JetBrains/IntelliJ IDEA 2022.2.2/plugins/git4idea/lib/git4idea-rt.jar;C:/Program Files/JetBrains/IntelliJ IDEA 2022.2.2/lib/externalProcess-rt.jar;C:/Program Files/JetBrains/IntelliJ IDEA 2022.2.2/lib/app.jar;C:/Program Files/JetBrains/IntelliJ IDEA 2022.2.2/lib/3rd-party-rt.jar
Launcher Type: SUN_STANDARD

[Global flags]
     intx CICompilerCount                          = 4                                         {product} {ergonomic}
     uint ConcGCThreads                            = 2                                         {product} {ergonomic}
     uint G1ConcRefinementThreads                  = 8                                         {product} {ergonomic}
   size_t G1HeapRegionSize                         = 2097152                                   {product} {ergonomic}
    uintx GCDrainStackTargetSize                   = 64                                        {product} {ergonomic}
   size_t InitialHeapSize                          = 201326592                                 {product} {ergonomic}
   size_t MarkStackSize                            = 4194304                                   {product} {ergonomic}
   size_t MaxHeapSize                              = 3204448256                                {product} {ergonomic}
   size_t MinHeapDeltaBytes                        = 2097152                                   {product} {ergonomic}
   size_t MinHeapSize                              = 8388608                                   {product} {ergonomic}
    uintx NonNMethodCodeHeapSize                   = 5839372                                {pd product} {ergonomic}
    uintx NonProfiledCodeHeapSize                  = 122909434                              {pd product} {ergonomic}
    uintx ProfiledCodeHeapSize                     = 122909434                              {pd product} {ergonomic}
    uintx ReservedCodeCacheSize                    = 251658240                              {pd product} {ergonomic}
     bool SegmentedCodeCache                       = true                                      {product} {ergonomic}
   size_t SoftMaxHeapSize                          = 3204448256                             {manageable} {ergonomic}
     bool UseCompressedClassPointers               = true                           {product lp64_product} {ergonomic}
     bool UseCompressedOops                        = true                           {product lp64_product} {ergonomic}
     bool UseG1GC                                  = true                                      {product} {ergonomic}
     bool UseLargePagesIndividualAllocation        = false                                  {pd product} {ergonomic}

Logging:
Log output configuration:
 #0: stdout all=warning uptime,level,tags
 #1: stderr all=off uptime,level,tags

Environment Variables:
JAVA_HOME=C:\Program Files\Java\bin
PATH=C:/Program Files/Git/mingw64/libexec/git-core;C:/Program Files/Git/mingw64/libexec/git-core;C:\Program Files\Git\mingw64\bin;C:\Program Files\Git\usr\bin;C:\Users\ADMIN\bin;C:\Program Files\Common Files\Oracle\Java\javapath;C:\Program Files (x86)\Rockwell Software\RSCommon;C:\Windows\system32;C:\Windows;C:\Windows\System32\Wbem;C:\Windows\System32\WindowsPowerShell\v1.0\;C:\Windows\System32\OpenSSH\;C:\Program Files\dotnet\;C:\Program Files\Microsoft SQL Server\130\Tools\Binn\;C:\Program Files\Microsoft SQL Server\150\Tools\Binn\;C:\Program Files\Microsoft VS Code\bin;C:\Program Files\PuTTY\;C:\Program Files\Microsoft SQL Server\Client SDK\ODBC\170\Tools\Binn\;C:\Program Files (x86)\GitExtensions\;C:\Program Files\WinMerge;C:\Program Files\Git\cmd;C:\Users\ADMIN\AppData\Local\Programs\Python\Python310\Scripts\;C:\Users\ADMIN\AppData\Local\Programs\Python\Python310\;C:\Users\ADMIN\AppData\Local\Microsoft\WindowsApps;C:\Users\ADMIN\.dotnet\tools
USERNAME=ADMIN
DISPLAY=:0.0
LC_ALL=en_US.UTF-8
TERM=xterm-256color
TMPDIR=C:\Users\ADMIN\AppData\Local\Temp
OS=Windows_NT
PROCESSOR_IDENTIFIER=Intel64 Family 6 Model 30 Stepping 5, GenuineIntel
TMP=C:\Users\ADMIN\AppData\Local\Temp
TEMP=C:\Users\ADMIN\AppData\Local\Temp



---------------  S Y S T E M  ---------------

OS:
 Windows 10 , 64 bit Build 19041 (10.0.19041.2251)
OS uptime: 0 days 4:49 hours
Hyper-V role detected

CPU: total 8 (initial active 8) (4 cores per cpu, 2 threads per core) family 6 model 30 stepping 5 microcode 0xa, cx8, cmov, fxsr, ht, mmx, sse, sse2, sse3, ssse3, sse4.1, sse4.2, popcnt, tsc, tscinvbit, clflush, hv

Memory: 4k page, system-wide physical 12223M (2839M free)
TotalPageFile size 20223M (AvailPageFile size 26M)
current process WorkingSet (physical memory assigned to process): 10M, peak: 10M
current process commit charge ("private bytes"): 60M, peak: 252M

vm_info: OpenJDK 64-Bit Server VM (17.0.4+7-b469.53) for windows-amd64 JRE (17.0.4+7-b469.53), built on 2022-08-29 by "builduser" with MS VC++ 16.10 / 16.11 (VS2019)

END.
